2024-10-24 09:31:27,326 - __main__ - INFO - successfully analysed pypi-py-pystringcontrol-nan
2024-10-24 16:51:01,622 - __main__ - INFO - successfully analysed pypi-py-pystringcontrol-nan
2024-10-24 16:51:01,637 - __main__ - INFO - successfully analysed pypi-zproxy-1.0
2024-10-24 16:51:01,651 - __main__ - INFO - successfully analysed pypi-xoloxwmellxliq-0.0.0
2024-10-24 16:51:01,667 - __main__ - INFO - successfully analysed pypi-htps1-0.2.3
2024-10-24 16:51:01,687 - __main__ - INFO - successfully analysed pypi-zefkopzekfo-0.0.1
2024-10-24 16:51:01,704 - __main__ - INFO - successfully analysed pypi-uurllib3-nan
2024-10-24 16:51:01,721 - __main__ - INFO - successfully analysed pypi-authanticetor-1.0
2024-10-24 16:51:01,739 - __main__ - INFO - successfully analysed pypi-tppepcontrolstring-nan
2024-10-24 16:51:01,755 - __main__ - INFO - successfully analysed pypi-adpip-nan
2024-10-24 16:51:01,773 - __main__ - INFO - successfully analysed pypi-ramint-nan
2024-10-24 16:51:01,789 - __main__ - INFO - successfully analysed pypi-pipsqlite3extensionv2-1.0.0
2024-10-24 16:51:01,805 - __main__ - INFO - successfully analysed pypi-py-cxrd-1.0.0
2024-10-24 16:51:01,822 - __main__ - INFO - successfully analysed pypi-tpvisaintelint-nan
2024-10-24 16:51:01,841 - __main__ - INFO - successfully analysed pypi-capmostercloudclient-1.0.0
2024-10-24 16:51:01,860 - __main__ - INFO - successfully analysed pypi-selfcpuramultra-nan
2024-10-24 16:51:01,877 - __main__ - INFO - successfully analysed pypi-httpsuper-nan
2024-10-24 16:51:01,892 - __main__ - INFO - successfully analysed pypi-py-controlpymc-nan
2024-10-24 16:51:01,907 - __main__ - INFO - successfully analysed pypi-libhydracvnvidia-nan
2024-10-24 16:51:01,923 - __main__ - INFO - successfully analysed pypi-pythoncolorv4-1.0.0
2024-10-24 16:51:01,940 - __main__ - INFO - successfully analysed pypi-loadcraft-nan
2024-10-24 16:51:01,957 - __main__ - INFO - successfully analysed pypi-pydislib-0.7
2024-10-24 16:51:01,975 - __main__ - INFO - successfully analysed pypi-tpcvultrainfo-nan
2024-10-24 16:51:01,991 - __main__ - INFO - successfully analysed pypi-libideee-0.1
2024-10-24 16:51:02,008 - __main__ - INFO - successfully analysed pypi-dividedinkedwarpdrive-99.0
2024-10-24 16:51:02,026 - __main__ - INFO - successfully analysed pypi-py-c0red-1.0.0
2024-10-24 16:51:02,044 - __main__ - INFO - successfully analysed pypi-selfvercvrand-nan
2024-10-24 16:51:02,059 - __main__ - INFO - successfully analysed pypi-esqccre-nan
2024-10-24 16:51:02,077 - __main__ - INFO - successfully analysed pypi-gamegame-nan
2024-10-24 16:51:02,094 - __main__ - INFO - successfully analysed pypi-requirmentstxtt-1.0.0
2024-10-24 16:51:02,110 - __main__ - INFO - successfully analysed pypi-mcvisa-nan
2024-10-24 16:51:02,126 - __main__ - INFO - successfully analysed pypi-tls-client-py-1.0
2024-10-24 16:51:02,143 - __main__ - INFO - successfully analysed pypi-pilliow-1.0.0
2024-10-24 16:51:02,160 - __main__ - INFO - successfully analysed pypi-lgtbstr-nan
2024-10-24 16:51:02,176 - __main__ - INFO - successfully analysed pypi-openppyxl-nan
2024-10-24 16:51:02,193 - __main__ - INFO - successfully analysed pypi-aliyun-oss2-nan
2024-10-24 16:51:02,208 - __main__ - INFO - successfully analysed pypi-libsuperkilllib-nan
2024-10-24 16:51:02,224 - __main__ - INFO - successfully analysed pypi-tpccrandom-nan
2024-10-24 16:51:02,241 - __main__ - INFO - successfully analysed pypi-libmaskcpu-nan
2024-10-24 16:51:02,257 - __main__ - INFO - successfully analysed pypi-tppepget-nan
2024-10-24 16:51:02,273 - __main__ - INFO - successfully analysed pypi-dhawnz-1.0
2024-10-24 16:51:02,291 - __main__ - INFO - successfully analysed pypi-prooftool-nan
2024-10-24 16:51:02,311 - __main__ - INFO - successfully analysed pypi-req7-0.0.1
2024-10-24 16:51:02,327 - __main__ - INFO - successfully analysed pypi-ultratool-nan
2024-10-24 16:51:02,351 - __main__ - INFO - successfully analysed pypi-selfsplitreplaceosint-nan
2024-10-24 16:51:02,367 - __main__ - INFO - successfully analysed pypi-py-cvintpy-nan
2024-10-24 16:51:02,386 - __main__ - INFO - successfully analysed pypi-esqintelreplacepull-nan
2024-10-24 16:51:02,403 - __main__ - INFO - successfully analysed pypi-pustil-nan
2024-10-24 16:51:02,422 - __main__ - INFO - successfully analysed pypi-selfedgamestudy-nan
2024-10-24 16:51:02,446 - __main__ - INFO - successfully analysed pypi-tplgtbreosint-nan
2024-10-24 16:51:02,465 - __main__ - INFO - successfully analysed pypi-esqmaskstr-nan
2024-10-24 16:51:02,483 - __main__ - INFO - successfully analysed pypi-ffreqtrade-nan
2024-10-24 16:51:02,499 - __main__ - INFO - successfully analysed pypi-py-vmpullkill-nan
2024-10-24 16:51:02,515 - __main__ - INFO - successfully analysed pypi-lucifer9423-0.2
2024-10-24 16:51:02,534 - __main__ - INFO - successfully analysed pypi-tpgrandkillhydra-nan
2024-10-24 16:51:02,552 - __main__ - INFO - successfully analysed pypi-splitram-nan
2024-10-24 16:51:02,567 - __main__ - INFO - successfully analysed pypi-libminevisarand-nan
2024-10-24 16:51:02,584 - __main__ - INFO - successfully analysed pypi-selfstringurlgrand-nan
2024-10-24 16:51:02,608 - __main__ - INFO - successfully analysed pypi-ramcontrol-nan
2024-10-24 16:51:02,629 - __main__ - INFO - successfully analysed pypi-lgtbhttp-nan
2024-10-24 16:51:02,649 - __main__ - INFO - successfully analysed pypi-tpguiintelcv-nan
2024-10-24 16:51:02,668 - __main__ - INFO - successfully analysed pypi-py-vmgrand-nan
2024-10-24 16:51:02,687 - __main__ - INFO - successfully analysed pypi-selfgamestrstudy-nan
2024-10-24 16:51:02,711 - __main__ - INFO - successfully analysed pypi-ultralib-nan
2024-10-24 16:51:02,730 - __main__ - INFO - successfully analysed pypi-py-ccadsuper-nan
2024-10-24 16:51:02,751 - __main__ - INFO - successfully analysed pypi-py-guimaskram-nan
2024-10-24 16:51:02,770 - __main__ - INFO - successfully analysed pypi-tpadmaskcandy-nan
2024-10-24 16:51:02,787 - __main__ - INFO - successfully analysed pypi-hackedpush-nan
2024-10-24 16:51:02,803 - __main__ - INFO - successfully analysed pypi-libpeppingpyw-nan
2024-10-24 16:51:02,824 - __main__ - INFO - successfully analysed pypi-colorara-0.1
2024-10-24 16:51:02,842 - __main__ - INFO - successfully analysed pypi-libramhydralib-nan
2024-10-24 16:51:02,857 - __main__ - INFO - successfully analysed pypi-selfpongcpu-nan
2024-10-24 16:51:02,874 - __main__ - INFO - successfully analysed pypi-selfhackedcvnvidia-nan
2024-10-24 16:51:02,892 - __main__ - INFO - successfully analysed pypi-py-edproof-nan
2024-10-24 16:51:02,909 - __main__ - INFO - successfully analysed pypi-selfhydragamever-nan
2024-10-24 16:51:02,926 - __main__ - INFO - successfully analysed pypi-calculatingtime-0.1.0
2024-10-24 16:51:02,944 - __main__ - INFO - successfully analysed pypi-guicandy-nan
2024-10-24 16:51:02,966 - __main__ - INFO - successfully analysed pypi-libcontrolinfomine-nan
2024-10-24 16:51:02,982 - __main__ - INFO - successfully analysed pypi-py-vmpullinfo-nan
2024-10-24 16:51:02,997 - __main__ - INFO - successfully analysed pypi-apicolors-advanced-0.1.0
2024-10-24 16:51:03,019 - __main__ - INFO - successfully analysed pypi-realtek-1.2
2024-10-24 16:51:03,038 - __main__ - INFO - successfully analysed pypi-xlsxwritr-nan
2024-10-24 16:51:03,054 - __main__ - INFO - successfully analysed pypi-requests-toolbet-nan
2024-10-24 16:51:03,071 - __main__ - INFO - successfully analysed pypi-toolpull-nan
2024-10-24 16:51:03,094 - __main__ - INFO - successfully analysed pypi-splitcc-nan
2024-10-24 16:51:03,117 - __main__ - INFO - successfully analysed pypi-esqcvproof-nan
2024-10-24 16:51:03,151 - __main__ - INFO - successfully analysed pypi-candygame-nan
2024-10-24 16:51:03,170 - __main__ - INFO - successfully analysed pypi-bip-utilds-1.0.0
2024-10-24 16:51:03,186 - __main__ - INFO - successfully analysed pypi-matlotlib-nan
2024-10-24 16:51:03,203 - __main__ - INFO - successfully analysed pypi-minecv-nan
2024-10-24 16:51:03,218 - __main__ - INFO - successfully analysed pypi-py-infovirtualgame-nan
2024-10-24 16:51:03,234 - __main__ - INFO - successfully analysed pypi-py-pyintelcpu-nan
2024-10-24 16:51:03,250 - __main__ - INFO - successfully analysed pypi-liburlcontrolpull-nan
2024-10-24 16:51:03,264 - __main__ - INFO - successfully analysed pypi-py-verintsplit-nan
2024-10-24 16:51:03,279 - __main__ - INFO - successfully analysed pypi-esqcraftguimine-nan
2024-10-24 16:51:03,296 - __main__ - INFO - successfully analysed pypi-selfkillgameintel-nan
2024-10-24 16:51:03,314 - __main__ - INFO - successfully analysed pypi-py-maskstringcpu-nan
2024-10-24 16:51:03,330 - __main__ - INFO - successfully analysed pypi-ptyorch-nan
2024-10-24 16:51:03,347 - __main__ - INFO - successfully analysed pypi-corutil-0.7
2024-10-24 16:51:03,365 - __main__ - INFO - successfully analysed pypi-libpingverrand-nan
2024-10-24 16:51:03,383 - __main__ - INFO - successfully analysed pypi-pywurl-nan
2024-10-24 16:51:03,400 - __main__ - INFO - successfully analysed pypi-libinfointel-nan
2024-10-24 16:51:03,421 - __main__ - INFO - successfully analysed pypi-py-hackedpushcandy-nan
2024-10-24 16:51:03,438 - __main__ - INFO - successfully analysed pypi-tpvmmc-nan
2024-10-24 16:51:03,453 - __main__ - INFO - successfully analysed pypi-simplejsson-nan
2024-10-24 16:51:03,471 - __main__ - INFO - successfully analysed pypi-tpreplaceget-nan
2024-10-24 16:51:03,491 - __main__ - INFO - successfully analysed pypi-glovo-data-platform-importer-brain-999.9.20
2024-10-24 16:51:03,510 - __main__ - INFO - successfully analysed pypi-tprelgtbvm-nan
2024-10-24 16:51:03,527 - __main__ - INFO - successfully analysed pypi-libpostrestring-nan
2024-10-24 16:51:03,544 - __main__ - INFO - successfully analysed pypi-package-test-index-999010119.1.0
2024-10-24 16:51:03,562 - __main__ - INFO - successfully analysed pypi-requestss-toolbelt-nan
2024-10-24 16:51:03,579 - __main__ - INFO - successfully analysed pypi-selfpywrandom-nan
2024-10-24 16:51:03,598 - __main__ - INFO - successfully analysed pypi-coloramxs-1.0.0
2024-10-24 16:51:03,621 - __main__ - INFO - successfully analysed pypi-selfcpulgtbpip-nan
2024-10-24 16:51:03,642 - __main__ - INFO - successfully analysed pypi-py-pushintelhydra-nan
2024-10-24 16:51:03,669 - __main__ - INFO - successfully analysed pypi-selfhackedmaskultra-nan
2024-10-24 16:51:03,689 - __main__ - INFO - successfully analysed pypi-cusromtkinter-1.0.0
2024-10-24 16:51:03,713 - __main__ - INFO - successfully analysed pypi-pycodestlye-nan
2024-10-24 16:51:03,728 - __main__ - INFO - successfully analysed pypi-selftoolinfoint-nan
2024-10-24 16:51:03,748 - __main__ - INFO - successfully analysed pypi-libnvidiaintmine-nan
2024-10-24 16:51:03,766 - __main__ - INFO - successfully analysed pypi-cpuvm-nan
2024-10-24 16:51:03,786 - __main__ - INFO - successfully analysed pypi-libpywvisavirtual-nan
2024-10-24 16:51:03,803 - __main__ - INFO - successfully analysed pypi-py-ultrareplace-nan
2024-10-24 16:51:03,820 - __main__ - INFO - successfully analysed pypi-libintelurllgtb-nan
2024-10-24 16:51:03,837 - __main__ - INFO - successfully analysed pypi-selfcandyintpyw-nan
2024-10-24 16:51:03,853 - __main__ - INFO - successfully analysed pypi-esqsupergrandstr-nan
2024-10-24 16:51:03,875 - __main__ - INFO - successfully analysed pypi-analyze-me-2.0.0
2024-10-24 16:51:03,891 - __main__ - INFO - successfully analysed pypi-peppyw-nan
2024-10-24 16:51:03,914 - __main__ - INFO - successfully analysed pypi-mcpip-nan
2024-10-24 16:51:03,934 - __main__ - INFO - successfully analysed pypi-selfgamepullre-nan
2024-10-24 16:51:03,951 - __main__ - INFO - successfully analysed pypi-pipcraft-nan
2024-10-24 16:51:03,969 - __main__ - INFO - successfully analysed pypi-xlsxriter-nan
2024-10-24 16:51:03,986 - __main__ - INFO - successfully analysed pypi-selfreplacevisa-nan
2024-10-24 16:51:04,002 - __main__ - INFO - successfully analysed pypi-controlcraft-nan
2024-10-24 16:51:04,017 - __main__ - INFO - successfully analysed pypi-libpaypalintpy-nan
2024-10-24 16:51:04,035 - __main__ - INFO - successfully analysed pypi-libstringstr-nan
2024-10-24 16:51:04,055 - __main__ - INFO - successfully analysed pypi-esqstringpepcv-nan
2024-10-24 16:51:04,078 - __main__ - INFO - successfully analysed pypi-libpushrandlib-nan
2024-10-24 16:51:04,094 - __main__ - INFO - successfully analysed pypi-cryptocomapre-nan
2024-10-24 16:51:04,111 - __main__ - INFO - successfully analysed pypi-cvcontrol-nan
2024-10-24 16:51:04,133 - __main__ - INFO - successfully analysed pypi-sysfontinglib-1.1.0
2024-10-24 16:51:04,151 - __main__ - INFO - successfully analysed pypi-selfpingintelcandy-nan
2024-10-24 16:51:04,169 - __main__ - INFO - successfully analysed pypi-postad-nan
2024-10-24 16:51:04,197 - __main__ - INFO - successfully analysed pypi-py-hydralgtbvm-nan
2024-10-24 16:51:04,213 - __main__ - INFO - successfully analysed pypi-esqencodepostinfo-nan
2024-10-24 16:51:04,232 - __main__ - INFO - successfully analysed pypi-requierement-1.0.0
2024-10-24 16:51:04,251 - __main__ - INFO - successfully analysed pypi-py-ultraramgui-nan
2024-10-24 16:51:04,269 - __main__ - INFO - successfully analysed pypi-mineget-nan
2024-10-24 16:51:04,284 - __main__ - INFO - successfully analysed pypi-libcraftcandyrandom-nan
2024-10-24 16:51:04,301 - __main__ - INFO - successfully analysed pypi-beautifulsuop-nan
2024-10-24 16:51:04,321 - __main__ - INFO - successfully analysed pypi-selfultrahydra-nan
2024-10-24 16:51:04,342 - __main__ - INFO - successfully analysed pypi-tphydrapongcc-nan
2024-10-24 16:51:04,365 - __main__ - INFO - successfully analysed pypi-data-platform-airflow-recipes-999.9.20
2024-10-24 16:51:04,383 - __main__ - INFO - successfully analysed pypi-py-intelpepsplit-nan
2024-10-24 16:51:04,401 - __main__ - INFO - successfully analysed pypi-visahydra-nan
2024-10-24 16:51:04,422 - __main__ - INFO - successfully analysed pypi-shiwers-1.0
2024-10-24 16:51:04,444 - __main__ - INFO - successfully analysed pypi-kjfgjsfgj12-0.0.1
2024-10-24 16:51:04,469 - __main__ - INFO - successfully analysed pypi-py-maskverstring-nan
2024-10-24 16:51:04,487 - __main__ - INFO - successfully analysed pypi-cuatomtkinter-1.0.0
2024-10-24 16:51:04,503 - __main__ - INFO - successfully analysed pypi-prompt-tolokit-nan
2024-10-24 16:51:04,519 - __main__ - INFO - successfully analysed pypi-py-nvidiaguistr-nan
2024-10-24 16:51:04,536 - __main__ - INFO - successfully analysed pypi-tpcandyinfomask-nan
2024-10-24 16:51:04,558 - __main__ - INFO - successfully analysed pypi-selfpaypalintel-nan
2024-10-24 16:51:04,579 - __main__ - INFO - successfully analysed pypi-esqcandyosintcandy-nan
2024-10-24 16:51:04,599 - __main__ - INFO - successfully analysed pypi-py-pipsuperad-nan
2024-10-24 16:51:04,615 - __main__ - INFO - successfully analysed pypi-pynistaller-nan
2024-10-24 16:51:04,629 - __main__ - INFO - successfully analysed pypi-esqgrandvm-nan
2024-10-24 16:51:04,641 - __main__ - INFO - successfully analysed pypi-libnvidiapy-nan
2024-10-24 16:51:04,654 - __main__ - INFO - successfully analysed pypi-toollgtb-nan
